<?xml version="1.0" encoding="UTF-8"?>
<testng-results skipped="0" failed="0" ignored="0" total="6" passed="6">
  <reporter-output>
  </reporter-output>
  <suite name="Suite" duration-ms="0" started-at="2019-04-23T01:33:29Z" finished-at="2019-04-23T01:33:29Z">
    <groups>
    </groups>
  </suite> <!-- Suite -->
  <suite name="SuiteD" duration-ms="15065" started-at="2019-04-23T01:33:14Z" finished-at="2019-04-23T01:33:29Z">
    <groups>
    </groups>
    <test name="TestD" duration-ms="15065" started-at="2019-04-23T01:33:14Z" finished-at="2019-04-23T01:33:29Z">
      <class name="suiteD.TestD3">
        <test-method status="PASS" signature="testD3()[pri:0, instance:suiteD.TestD3@2cfb4a64]" name="testD3" duration-ms="5001" started-at="2019-04-23T01:33:24Z" finished-at="2019-04-23T01:33:29Z">
          <reporter-output>
          </reporter-output>
        </test-method> <!-- testD3 -->
      </class> <!-- suiteD.TestD3 -->
      <class name="suiteD.TestD2">
        <test-method status="PASS" signature="testD2()[pri:0, instance:suiteD.TestD2@71f2a7d5]" name="testD2" duration-ms="5001" started-at="2019-04-23T01:33:19Z" finished-at="2019-04-23T01:33:24Z">
          <reporter-output>
          </reporter-output>
        </test-method> <!-- testD2 -->
      </class> <!-- suiteD.TestD2 -->
      <class name="suiteD.TestD1">
        <test-method status="PASS" signature="testD1()[pri:0, instance:suiteD.TestD1@7a92922]" name="testD1" duration-ms="5012" started-at="2019-04-23T01:33:14Z" finished-at="2019-04-23T01:33:19Z">
          <reporter-output>
          </reporter-output>
        </test-method> <!-- testD1 -->
      </class> <!-- suiteD.TestD1 -->
    </test> <!-- TestD -->
  </suite> <!-- SuiteD -->
  <suite name="SuiteC" duration-ms="15065" started-at="2019-04-23T01:33:14Z" finished-at="2019-04-23T01:33:29Z">
    <groups>
    </groups>
    <test name="TestC" duration-ms="15065" started-at="2019-04-23T01:33:14Z" finished-at="2019-04-23T01:33:29Z">
      <class name="suiteC.TestC1">
        <test-method status="PASS" signature="testC1()[pri:0, instance:suiteC.TestC1@6f79caec]" name="testC1" duration-ms="5000" started-at="2019-04-23T01:33:24Z" finished-at="2019-04-23T01:33:29Z">
          <reporter-output>
          </reporter-output>
        </test-method> <!-- testC1 -->
      </class> <!-- suiteC.TestC1 -->
      <class name="suiteC.TestC2">
        <test-method status="PASS" signature="testC2()[pri:0, instance:suiteC.TestC2@1ef7fe8e]" name="testC2" duration-ms="5001" started-at="2019-04-23T01:33:19Z" finished-at="2019-04-23T01:33:24Z">
          <reporter-output>
          </reporter-output>
        </test-method> <!-- testC2 -->
      </class> <!-- suiteC.TestC2 -->
      <class name="suiteC.TestC3">
        <test-method status="PASS" signature="testC3()[pri:0, instance:suiteC.TestC3@4c75cab9]" name="testC3" duration-ms="5012" started-at="2019-04-23T01:33:14Z" finished-at="2019-04-23T01:33:19Z">
          <reporter-output>
          </reporter-output>
        </test-method> <!-- testC3 -->
      </class> <!-- suiteC.TestC3 -->
    </test> <!-- TestC -->
  </suite> <!-- SuiteC -->
</testng-results>
