<?xml version="1.0" encoding="UTF-8"?>
<!-- Generated by org.testng.reporters.JUnitXMLReporter -->
<testsuite hostname="DESKTOP-KRLAL0I" ignored="0" name="Default test" tests="3" failures="0" timestamp="17 May 2019 01:24:34 GMT" time="1.717" errors="0">
  <testcase name="f" time="0.031" classname="exceldataAPIS.TC_003"/>
  <testcase name="f" time="0.016" classname="exceldataAPIS.TC_003"/>
  <testcase name="f" time="0.007" classname="exceldataAPIS.TC_003"/>
</testsuite> <!-- Default test -->
