<?xml version="1.0" encoding="UTF-8"?>
<!-- Generated by org.testng.reporters.JUnitXMLReporter -->
<testsuite hostname="DESKTOP-KRLAL0I" ignored="7" name="Default test" tests="1" failures="0" timestamp="09 May 2019 01:18:52 GMT" time="30.38" errors="0">
  <testcase name="Browserslider" time="23.349" classname="actionsAndJavaScriptExecutors.MouseOperations"/>
  <testcase name="clickAndHoldMethod" time="0.0" classname="actionsAndJavaScriptExecutors.MouseOperations">
    <ignored/>
  </testcase> <!-- clickAndHoldMethod -->
  <testcase name="dragAnddrop" time="0.0" classname="actionsAndJavaScriptExecutors.MouseOperations">
    <ignored/>
  </testcase> <!-- dragAnddrop -->
  <testcase name="MoveToelement" time="0.0" classname="actionsAndJavaScriptExecutors.MouseOperations">
    <ignored/>
  </testcase> <!-- MoveToelement -->
  <testcase name="resizeMethod" time="0.0" classname="actionsAndJavaScriptExecutors.MouseOperations">
    <ignored/>
  </testcase> <!-- resizeMethod -->
  <testcase name="slider" time="0.0" classname="actionsAndJavaScriptExecutors.MouseOperations">
    <ignored/>
  </testcase> <!-- slider -->
  <testcase name="autoSuggestion" time="0.0" classname="actionsAndJavaScriptExecutors.MouseOperations">
    <ignored/>
  </testcase> <!-- autoSuggestion -->
  <testcase name="rightClickMethod" time="0.0" classname="actionsAndJavaScriptExecutors.MouseOperations">
    <ignored/>
  </testcase> <!-- rightClickMethod -->
</testsuite> <!-- Default test -->
