<?xml version="1.0" encoding="UTF-8"?>
<testng-results skipped="0" failed="0" ignored="1" total="3" passed="2">
  <reporter-output>
  </reporter-output>
  <suite name="Default suite" duration-ms="74" started-at="2019-04-17T01:11:44Z" finished-at="2019-04-17T01:11:44Z">
    <groups>
    </groups>
    <test name="Default test" duration-ms="74" started-at="2019-04-17T01:11:44Z" finished-at="2019-04-17T01:11:44Z">
      <class name="com.selenium.testNG.TC_102">
        <test-method status="PASS" signature="beforeSuite()[pri:0, instance:com.selenium.testNG.TC_102@548a9f61]" name="beforeSuite" is-config="true" duration-ms="15" started-at="2019-04-17T06:41:44Z" finished-at="2019-04-17T06:41:44Z">
          <reporter-output>
          </reporter-output>
        </test-method> <!-- beforeSuite -->
        <test-method status="PASS" signature="beforeTest()[pri:0, instance:com.selenium.testNG.TC_102@548a9f61]" name="beforeTest" is-config="true" duration-ms="1" started-at="2019-04-17T06:41:44Z" finished-at="2019-04-17T06:41:44Z">
          <reporter-output>
          </reporter-output>
        </test-method> <!-- beforeTest -->
        <test-method status="PASS" signature="beforeClass()[pri:0, instance:com.selenium.testNG.TC_102@548a9f61]" name="beforeClass" is-config="true" duration-ms="1" started-at="2019-04-17T06:41:44Z" finished-at="2019-04-17T06:41:44Z">
          <reporter-output>
          </reporter-output>
        </test-method> <!-- beforeClass -->
        <test-method status="PASS" signature="beforeMethod()[pri:0, instance:com.selenium.testNG.TC_102@548a9f61]" name="beforeMethod" is-config="true" duration-ms="1" started-at="2019-04-17T06:41:44Z" finished-at="2019-04-17T06:41:44Z">
          <reporter-output>
          </reporter-output>
        </test-method> <!-- beforeMethod -->
        <test-method status="PASS" signature="f()[pri:1, instance:com.selenium.testNG.TC_102@548a9f61]" name="f" duration-ms="19" started-at="2019-04-17T06:41:44Z" finished-at="2019-04-17T06:41:44Z">
          <reporter-output>
          </reporter-output>
        </test-method> <!-- f -->
        <test-method status="PASS" signature="afterMethod()[pri:0, instance:com.selenium.testNG.TC_102@548a9f61]" name="afterMethod" is-config="true" duration-ms="1" started-at="2019-04-17T06:41:44Z" finished-at="2019-04-17T06:41:44Z">
          <reporter-output>
          </reporter-output>
        </test-method> <!-- afterMethod -->
        <test-method status="PASS" signature="c()[pri:3, instance:com.selenium.testNG.TC_102@548a9f61]" name="c" duration-ms="2" started-at="2019-04-17T06:41:44Z" finished-at="2019-04-17T06:41:44Z">
          <reporter-output>
          </reporter-output>
        </test-method> <!-- c -->
        <test-method status="PASS" signature="beforeMethod()[pri:0, instance:com.selenium.testNG.TC_102@548a9f61]" name="beforeMethod" is-config="true" duration-ms="0" started-at="2019-04-17T06:41:44Z" finished-at="2019-04-17T06:41:44Z">
          <reporter-output>
          </reporter-output>
        </test-method> <!-- beforeMethod -->
        <test-method status="PASS" signature="afterMethod()[pri:0, instance:com.selenium.testNG.TC_102@548a9f61]" name="afterMethod" is-config="true" duration-ms="1" started-at="2019-04-17T06:41:44Z" finished-at="2019-04-17T06:41:44Z">
          <reporter-output>
          </reporter-output>
        </test-method> <!-- afterMethod -->
        <test-method status="PASS" signature="afterClass()[pri:0, instance:com.selenium.testNG.TC_102@548a9f61]" name="afterClass" is-config="true" duration-ms="1" started-at="2019-04-17T06:41:44Z" finished-at="2019-04-17T06:41:44Z">
          <reporter-output>
          </reporter-output>
        </test-method> <!-- afterClass -->
        <test-method status="PASS" signature="afterTest()[pri:0, instance:com.selenium.testNG.TC_102@548a9f61]" name="afterTest" is-config="true" duration-ms="0" started-at="2019-04-17T06:41:44Z" finished-at="2019-04-17T06:41:44Z">
          <reporter-output>
          </reporter-output>
        </test-method> <!-- afterTest -->
        <test-method status="PASS" signature="afterSuite()[pri:0, instance:com.selenium.testNG.TC_102@548a9f61]" name="afterSuite" is-config="true" duration-ms="0" started-at="2019-04-17T06:41:44Z" finished-at="2019-04-17T06:41:44Z">
          <reporter-output>
          </reporter-output>
        </test-method> <!-- afterSuite -->
      </class> <!-- com.selenium.testNG.TC_102 -->
    </test> <!-- Default test -->
  </suite> <!-- Default suite -->
</testng-results>
