<?xml version="1.0" encoding="UTF-8"?>
<!-- Generated by org.testng.reporters.JUnitXMLReporter -->
<testsuite hostname="DESKTOP-KRLAL0I" ignored="1" name="Default test" tests="2" failures="0" timestamp="17 Apr 2019 01:11:44 GMT" time="0.074" errors="0">
  <testcase name="f" time="0.019" classname="com.selenium.testNG.TC_102"/>
  <testcase name="c" time="0.002" classname="com.selenium.testNG.TC_102"/>
  <testcase name="x" time="0.0" classname="com.selenium.testNG.TC_102">
    <ignored/>
  </testcase> <!-- x -->
</testsuite> <!-- Default test -->
