<?xml version="1.0" encoding="UTF-8"?>
<!-- Generated by org.testng.reporters.JUnitXMLReporter -->
<testsuite hostname="DESKTOP-KRLAL0I" ignored="0" name="Test" tests="3" failures="1" timestamp="25 Apr 2019 01:31:58 GMT" time="42.232" errors="0">
  <testcase name="amazon" time="3.815" classname="com.testng.Ecommerce.TC_001">
    <skipped/>
  </testcase> <!-- amazon -->
  <testcase name="amazon" time="3.854" classname="com.testng.Ecommerce.TC_001">
    <skipped/>
  </testcase> <!-- amazon -->
  <testcase name="amazon" time="4.278" classname="com.testng.Ecommerce.TC_001">
    <failure type="java.lang.AssertionError" message="null">
      <![CDATA[java.lang.AssertionError: null
at com.testng.Ecommerce.TC_001.amazon(TC_001.java:41)
... Removed 27 stack frames]]>
    </failure>
  </testcase> <!-- amazon -->
</testsuite> <!-- Test -->
